This is pdfTeX, Version 3.141592653-2.6-1.40.22 (MiKTeX 21.6.28) (preloaded format=pdflatex 2021.7.18)  19 APR 2022 19:43
entering extended mode
**./agw.ltx
(agw.ltx
LaTeX2e <2021-06-01> patch level 1
L3 programming layer <2021-07-12>
(C:\Program Files\MiKTeX 2.9B\tex/latex/base\book.cls
Document Class: book 2021/02/12 v1.4n Standard LaTeX document class
(C:\Program Files\MiKTeX 2.9B\tex/latex/base\bk10.clo
File: bk10.clo 2021/02/12 v1.4n Standard LaTeX file (size option)
)
\c@part=\count182
\c@chapter=\count183
\c@section=\count184
\c@subsection=\count185
\c@subsubsection=\count186
\c@paragraph=\count187
\c@subparagraph=\count188
\c@figure=\count189
\c@table=\count190
\abovecaptionskip=\skip47
\belowcaptionskip=\skip48
\bibindent=\dimen138
)
(C:\Program Files\MiKTeX 2.9B\tex/latex/cite\cite.sty
LaTeX Info: Redefining \cite on input line 302.
LaTeX Info: Redefining \nocite on input line 332.
Package: cite 2015/02/27  v 5.5
)
(C:\Program Files\MiKTeX 2.9B\tex/latex/amsmath\amsmath.sty
Package: amsmath 2021/04/20 v2.17j AMS math features
\@mathmargin=\skip49

For additional information on amsmath, use the `?' option.
(C:\Program Files\MiKTeX 2.9B\tex/latex/amsmath\amstext.sty
Package: amstext 2000/06/29 v2.01 AMS text

(C:\Program Files\MiKTeX 2.9B\tex/latex/amsmath\amsgen.sty
File: amsgen.sty 1999/11/30 v2.0 generic functions
\@emptytoks=\toks16
\ex@=\dimen139
))
(C:\Program Files\MiKTeX 2.9B\tex/latex/amsmath\amsbsy.sty
Package: amsbsy 1999/11/29 v1.2d Bold Symbols
\pmbraise@=\dimen140
)
(C:\Program Files\MiKTeX 2.9B\tex/latex/amsmath\amsopn.sty
Package: amsopn 2016/03/08 v2.02 operator names
)
\inf@bad=\count191
LaTeX Info: Redefining \frac on input line 234.
\uproot@=\count192
\leftroot@=\count193
LaTeX Info: Redefining \overline on input line 399.
\classnum@=\count194
\DOTSCASE@=\count195
LaTeX Info: Redefining \ldots on input line 496.
LaTeX Info: Redefining \dots on input line 499.
LaTeX Info: Redefining \cdots on input line 620.
\Mathstrutbox@=\box50
\strutbox@=\box51
\big@size=\dimen141
LaTeX Font Info:    Redeclaring font encoding OML on input line 743.
LaTeX Font Info:    Redeclaring font encoding OMS on input line 744.
\macc@depth=\count196
\c@MaxMatrixCols=\count197
\dotsspace@=\muskip16
\c@parentequation=\count198
\dspbrk@lvl=\count199
\tag@help=\toks17
\row@=\count266
\column@=\count267
\maxfields@=\count268
\andhelp@=\toks18
\eqnshift@=\dimen142
\alignsep@=\dimen143
\tagshift@=\dimen144
\tagwidth@=\dimen145
\totwidth@=\dimen146
\lineht@=\dimen147
\@envbody=\toks19
\multlinegap=\skip50
\multlinetaggap=\skip51
\mathdisplay@stack=\toks20
LaTeX Info: Redefining \[ on input line 2923.
LaTeX Info: Redefining \] on input line 2924.
)
(C:\Program Files\MiKTeX 2.9B\tex/latex/url\url.sty
\Urlmuskip=\muskip17
Package: url 2013/09/16  ver 3.4  Verb mode for urls, etc.
)
(C:\Program Files\MiKTeX 2.9B\tex/latex/pdfpages\pdfpages.sty
Package: pdfpages 2022/01/29 v0.5u Insert pages of external PDF documents (AM)

(C:\Program Files\MiKTeX 2.9B\tex/latex/base\ifthen.sty
Package: ifthen 2020/11/24 v1.1c Standard LaTeX ifthen package (DPC)
)
(C:\Program Files\MiKTeX 2.9B\tex/latex/tools\calc.sty
Package: calc 2017/05/25 v4.3 Infix arithmetic (KKT,FJ)
\calc@Acount=\count269
\calc@Bcount=\count270
\calc@Adimen=\dimen148
\calc@Bdimen=\dimen149
\calc@Askip=\skip52
\calc@Bskip=\skip53
LaTeX Info: Redefining \setlength on input line 80.
LaTeX Info: Redefining \addtolength on input line 81.
\calc@Ccount=\count271
\calc@Cskip=\skip54
)
(C:\Program Files\MiKTeX 2.9B\tex/latex/eso-pic\eso-pic.sty
Package: eso-pic 2020/10/14 v3.0a eso-pic (RN)
\ESO@tempdima=\dimen150
\ESO@tempdimb=\dimen151

(C:\Program Files\MiKTeX 2.9B\tex/latex/graphics\keyval.sty
Package: keyval 2014/10/28 v1.15 key=value parser (DPC)
\KV@toks@=\toks21
)
(C:\Program Files\MiKTeX 2.9B\tex/latex/xcolor\xcolor.sty
Package: xcolor 2016/05/11 v2.12 LaTeX color extensions (UK)

(C:\Program Files\MiKTeX 2.9B\tex/latex/graphics-cfg\color.cfg
File: color.cfg 2016/01/02 v1.6 sample color configuration
)
Package xcolor Info: Driver file: pdftex.def on input line 225.

(C:\Program Files\MiKTeX 2.9B\tex/latex/graphics-def\pdftex.def
File: pdftex.def 2020/10/05 v1.2a Graphics/color driver for pdftex
)
Package xcolor Info: Model `cmy' substituted by `cmy0' on input line 1348.
Package xcolor Info: Model `hsb' substituted by `rgb' on input line 1352.
Package xcolor Info: Model `RGB' extended on input line 1364.
Package xcolor Info: Model `HTML' substituted by `rgb' on input line 1366.
Package xcolor Info: Model `Hsb' substituted by `hsb' on input line 1367.
Package xcolor Info: Model `tHsb' substituted by `hsb' on input line 1368.
Package xcolor Info: Model `HSB' substituted by `hsb' on input line 1369.
Package xcolor Info: Model `Gray' substituted by `gray' on input line 1370.
Package xcolor Info: Model `wave' substituted by `hsb' on input line 1371.
))
(C:\Program Files\MiKTeX 2.9B\tex/latex/graphics\graphicx.sty
Package: graphicx 2020/12/05 v1.2c Enhanced LaTeX Graphics (DPC,SPQR)

(C:\Program Files\MiKTeX 2.9B\tex/latex/graphics\graphics.sty
Package: graphics 2021/03/04 v1.4d Standard LaTeX Graphics (DPC,SPQR)

(C:\Program Files\MiKTeX 2.9B\tex/latex/graphics\trig.sty
Package: trig 2016/01/03 v1.10 sin cos tan (DPC)
)
(C:\Program Files\MiKTeX 2.9B\tex/latex/graphics-cfg\graphics.cfg
File: graphics.cfg 2016/06/04 v1.11 sample graphics configuration
)
Package graphics Info: Driver file: pdftex.def on input line 107.
)
\Gin@req@height=\dimen152
\Gin@req@width=\dimen153
)
\AM@pagewidth=\dimen154
\AM@pageheight=\dimen155
\AM@fboxrule=\dimen156

(C:\Program Files\MiKTeX 2.9B\tex/latex/pdfpages\pppdftex.def
File: pppdftex.def 2022/01/29 v0.5u Pdfpages driver for pdfTeX (AM)
)
\pdfpages@includegraphics@status=\count272
\AM@pagebox=\box52
\AM@global@opts=\toks22
\AM@pagecnt=\count273
\AM@toc@title=\toks23
\c@AM@survey=\count274
\AM@templatesizebox=\box53
)
(C:\Program Files\MiKTeX 2.9B\tex/latex/l3backend\l3backend-pdftex.def
File: l3backend-pdftex.def 2021-07-12 L3 backend support: PDF output (pdfTeX)
\l__color_backend_stack_int=\count275
\l__pdf_internal_box=\box54
)
(agw.aux)
\openout1 = `agw.aux'.

LaTeX Font Info:    Checking defaults for OML/cmm/m/it on input line 7.
LaTeX Font Info:    ... okay on input line 7.
LaTeX Font Info:    Checking defaults for OMS/cmsy/m/n on input line 7.
LaTeX Font Info:    ... okay on input line 7.
LaTeX Font Info:    Checking defaults for OT1/cmr/m/n on input line 7.
LaTeX Font Info:    ... okay on input line 7.
LaTeX Font Info:    Checking defaults for T1/cmr/m/n on input line 7.
LaTeX Font Info:    ... okay on input line 7.
LaTeX Font Info:    Checking defaults for TS1/cmr/m/n on input line 7.
LaTeX Font Info:    ... okay on input line 7.
LaTeX Font Info:    Checking defaults for OMX/cmex/m/n on input line 7.
LaTeX Font Info:    ... okay on input line 7.
LaTeX Font Info:    Checking defaults for U/cmr/m/n on input line 7.
LaTeX Font Info:    ... okay on input line 7.
 (C:\Program Files\MiKTeX 2.9B\tex/context/base/mkii\supp-pdf.mkii
[Loading MPS to PDF converter (version 2006.09.02).]
\scratchcounter=\count276
\scratchdimen=\dimen157
\scratchbox=\box55
\nofMPsegments=\count277
\nofMParguments=\count278
\everyMPshowfont=\toks24
\MPscratchCnt=\count279
\MPscratchDim=\dimen158
\MPnumerator=\count280
\makeMPintoPDFobject=\count281
\everyMPtoPDFconversion=\toks25
) (C:\Program Files\MiKTeX 2.9B\tex/latex/epstopdf-pkg\epstopdf-base.sty
Package: epstopdf-base 2020-01-24 v2.11 Base part for package epstopdf
Package epstopdf-base Info: Redefining graphics rule for `.eps' on input line 4
85.

(C:\Program Files\MiKTeX 2.9B\tex/latex/00miktex\epstopdf-sys.cfg
File: epstopdf-sys.cfg 2021/03/18 v2.0 Configuration of epstopdf for MiKTeX
))
(C:\Program Files\MiKTeX 2.9B\tex/latex/pdflscape\pdflscape.sty
Package: pdflscape 2019/12/05 v0.12 Display of landscape pages in PDF (HO)

(C:\Program Files\MiKTeX 2.9B\tex/generic/iftex\iftex.sty
Package: iftex 2020/03/06 v1.0d TeX engine tests
)
(C:\Program Files\MiKTeX 2.9B\tex/latex/graphics\lscape.sty
Package: lscape 2020/05/28 v3.02 Landscape Pages (DPC)
)
Package pdflscape Info: Auto-detected driver: pdftex on input line 81.
) [1


{C:/Users/FiercePC/AppData/Local/MiKTeX/2.9/pdftex/config/pdftex.map}]
Overfull \hbox (273.5228pt too wide) in paragraph at lines 36--49
 [][] 
 []

[2] [3] [4]
<absorb2-chart.pdf, id=29, 597.53635pt x 845.04686pt>
File: absorb2-chart.pdf Graphic file (type pdf)
<use absorb2-chart.pdf>
Package pdftex.def Info: absorb2-chart.pdf  used on input line 168.
(pdftex.def)             Requested size: 597.53488pt x 845.0448pt.
File: absorb2-chart.pdf Graphic file (type pdf)
<use absorb2-chart.pdf>
Package pdftex.def Info: absorb2-chart.pdf  used on input line 168.
(pdftex.def)             Requested size: 597.53488pt x 845.0448pt.
<absorb2-chart.pdf, id=32, page=1, 597.53635pt x 845.04686pt>
File: absorb2-chart.pdf Graphic file (type pdf)
<use absorb2-chart.pdf, page 1>
Package pdftex.def Info: absorb2-chart.pdf , page1 used on input line 168.
(pdftex.def)             Requested size: 597.53488pt x 845.0448pt.
File: absorb2-chart.pdf Graphic file (type pdf)
<use absorb2-chart.pdf, page 1>
Package pdftex.def Info: absorb2-chart.pdf , page1 used on input line 168.
(pdftex.def)             Requested size: 562.14925pt x 795.00179pt.
 [5]
File: absorb2-chart.pdf Graphic file (type pdf)
<use absorb2-chart.pdf, page 1>
Package pdftex.def Info: absorb2-chart.pdf , page1 used on input line 168.
(pdftex.def)             Requested size: 562.14925pt x 795.00179pt.
File: absorb2-chart.pdf Graphic file (type pdf)
<use absorb2-chart.pdf, page 1>
Package pdftex.def Info: absorb2-chart.pdf , page1 used on input line 168.
(pdftex.def)             Requested size: 562.14925pt x 795.00179pt.
File: absorb2-chart.pdf Graphic file (type pdf)
<use absorb2-chart.pdf, page 1>
Package pdftex.def Info: absorb2-chart.pdf , page1 used on input line 168.
(pdftex.def)             Requested size: 562.14925pt x 795.00179pt.
 [6 <./absorb2-chart.pdf>] [7] [8]
Underfull \hbox (badness 10000) in paragraph at lines 199--200
[]\OT1/cmr/m/n/10 Prof A. Mourya, En-gi-neer-ing Physics, Lec-ture Notes, $\OT1
/cmtt/m/n/10 https :
 []


Underfull \hbox (badness 10000) in paragraph at lines 199--200
\OT1/cmtt/m/n/10 / / sites . google . com / site / puenggphysics / home / unit-
[]i /
 []


Underfull \hbox (badness 2142) in paragraph at lines 200--201
[]\OT1/cmr/m/n/10 Tokmakoff, Ab-so-lute Cross Sec-tions, Lec-ture Notes, $\OT1/
cmtt/m/n/10 http : / / home .
 []


Underfull \hbox (badness 10000) in paragraph at lines 200--201
\OT1/cmtt/m/n/10 uchicago . edu / []tokmakoff / TDQMS / Notes / 4 . 3 . _Abs _ 
Cross-[]Sec _
 []


Underfull \hbox (badness 10000) in paragraph at lines 202--203
\OT1/cmr/m/n/10 Widths $\OT1/cmtt/m/n/10 http : / / www-[]star . st-[]and . ac 
. uk / []kw25 / teaching / nebulae /
 []


Underfull \hbox (badness 10000) in paragraph at lines 203--204
[]\OT1/cmr/m/n/10 HITRAN Def-i-ni-tions and Units $\OT1/cmtt/m/n/10 https : / /
 hitran . org / docs /
 []


Underfull \hbox (badness 1694) in paragraph at lines 204--207
[]\OT1/cmr/m/n/10 Einstein A-coefficients and sta-tis-ti-cal weights for molec-
u-lar ab-sorp-
 []


Underfull \hbox (badness 1092) in paragraph at lines 204--207
\OT1/cmr/m/n/10 tion tran-si-tions in the HI-TRAN database, Marie Simeck-ova, D
avid
 []


Underfull \hbox (badness 10000) in paragraph at lines 204--207
\OT1/cmr/m/n/10 manc. $\OT1/cmtt/m/n/10 https : / / lweb . cfa . harvard . edu 
/ atmosphere / publications /
 []

[9

]
Underfull \hbox (badness 10000) in paragraph at lines 223--224
[]$\OT1/cmtt/m/n/10 https : / / www . acs . org / content / acs / en / climates
cience /
 []


Underfull \hbox (badness 10000) in paragraph at lines 224--225
[]$\OT1/cmtt/m/n/10 https : / / www . acs . org / content / acs / en / climates
cience /
 []


Underfull \hbox (badness 10000) in paragraph at lines 226--227
[]\OT1/cmr/m/n/10 "It's Wa-ter Va-por, Not the CO2". Amer-i-can Chem-i-cal So-c
i-
 []


Underfull \hbox (badness 10000) in paragraph at lines 226--227
\OT1/cmr/m/n/10 ety. $\OT1/cmtt/m/n/10 https : / / www . acs . org / content / 
acs / en / climatescience /
 []


Underfull \hbox (badness 10000) in paragraph at lines 236--237
[]\OT1/cmr/m/n/10 United Na-tions, Cli-mate Re-ports $\OT1/cmtt/m/n/10 https : 
/ / www . un . org / en /
 []

[10] (agw.aux) ) 
Here is how much of TeX's memory you used:
 3430 strings out of 478872
 47950 string characters out of 2856368
 365647 words of memory out of 3000000
 21318 multiletter control sequences out of 15000+600000
 409325 words of font info for 48 fonts, out of 8000000 for 9000
 1141 hyphenation exceptions out of 8191
 72i,17n,80p,1104b,421s stack positions out of 5000i,500n,10000p,200000b,80000s
<C:/Program Files/MiKTeX 2.9B/fonts/type1/public/amsfonts/cm/cm
bx12.pfb><C:/Program Files/MiKTeX 2.9B/fonts/type1/public/amsfonts/cm/cmex10.pf
b><C:/Program Files/MiKTeX 2.9B/fonts/type1/public/amsfonts/cmextra/cmex7.pfb><
C:/Program Files/MiKTeX 2.9B/fonts/type1/public/amsfonts/cm/cmmi10.pfb><C:/Prog
ram Files/MiKTeX 2.9B/fonts/type1/public/amsfonts/cm/cmmi5.pfb><C:/Program File
s/MiKTeX 2.9B/fonts/type1/public/amsfonts/cm/cmmi7.pfb><C:/Program Files/MiKTeX
 2.9B/fonts/type1/public/amsfonts/cm/cmr10.pfb><C:/Program Files/MiKTeX 2.9B/fo
nts/type1/public/amsfonts/cm/cmr12.pfb><C:/Program Files/MiKTeX 2.9B/fonts/type
1/public/amsfonts/cm/cmr17.pfb><C:/Program Files/MiKTeX 2.9B/fonts/type1/public
/amsfonts/cm/cmr5.pfb><C:/Program Files/MiKTeX 2.9B/fonts/type1/public/amsfonts
/cm/cmr7.pfb><C:/Program Files/MiKTeX 2.9B/fonts/type1/public/amsfonts/cm/cmsl1
0.pfb><C:/Program Files/MiKTeX 2.9B/fonts/type1/public/amsfonts/cm/cmsy10.pfb><
C:/Program Files/MiKTeX 2.9B/fonts/type1/public/amsfonts/cm/cmsy5.pfb><C:/Progr
am Files/MiKTeX 2.9B/fonts/type1/public/amsfonts/cm/cmsy7.pfb><C:/Program Files
/MiKTeX 2.9B/fonts/type1/public/amsfonts/cm/cmtt10.pfb>
Output written on agw.pdf (10 pages, 240101 bytes).
PDF statistics:
 126 PDF objects out of 1000 (max. 8388607)
 0 named destinations out of 1000 (max. 500000)
 21 words of extra memory for PDF output out of 10000 (max. 10000000)

