This is pdfTeX, Version 3.141592653-2.6-1.40.22 (MiKTeX 21.6.28) (preloaded format=pdflatex 2021.7.18)  31 JUL 2022 03:45
entering extended mode
**./wind_evap.tex
(wind_evap.tex
LaTeX2e <2021-06-01> patch level 1
L3 programming layer <2021-07-12>
(C:\Program Files\MiKTeX 2.9B\tex/latex/base\book.cls
Document Class: book 2021/02/12 v1.4n Standard LaTeX document class
(C:\Program Files\MiKTeX 2.9B\tex/latex/base\bk10.clo
File: bk10.clo 2021/02/12 v1.4n Standard LaTeX file (size option)
)
\c@part=\count182
\c@chapter=\count183
\c@section=\count184
\c@subsection=\count185
\c@subsubsection=\count186
\c@paragraph=\count187
\c@subparagraph=\count188
\c@figure=\count189
\c@table=\count190
\abovecaptionskip=\skip47
\belowcaptionskip=\skip48
\bibindent=\dimen138
)
(C:\Program Files\MiKTeX 2.9B\tex/latex/cite\cite.sty
LaTeX Info: Redefining \cite on input line 302.
LaTeX Info: Redefining \nocite on input line 332.
Package: cite 2015/02/27  v 5.5
)
(C:\Program Files\MiKTeX 2.9B\tex/latex/cite\chapterbib.sty
\c@inputfile=\count191
Package: chapterbib 2010/09/18  v 1.17
)
(C:\Program Files\MiKTeX 2.9B\tex/latex/amsmath\amsmath.sty
Package: amsmath 2021/04/20 v2.17j AMS math features
\@mathmargin=\skip49

For additional information on amsmath, use the `?' option.
(C:\Program Files\MiKTeX 2.9B\tex/latex/amsmath\amstext.sty
Package: amstext 2000/06/29 v2.01 AMS text

(C:\Program Files\MiKTeX 2.9B\tex/latex/amsmath\amsgen.sty
File: amsgen.sty 1999/11/30 v2.0 generic functions
\@emptytoks=\toks16
\ex@=\dimen139
))
(C:\Program Files\MiKTeX 2.9B\tex/latex/amsmath\amsbsy.sty
Package: amsbsy 1999/11/29 v1.2d Bold Symbols
\pmbraise@=\dimen140
)
(C:\Program Files\MiKTeX 2.9B\tex/latex/amsmath\amsopn.sty
Package: amsopn 2016/03/08 v2.02 operator names
)
\inf@bad=\count192
LaTeX Info: Redefining \frac on input line 234.
\uproot@=\count193
\leftroot@=\count194
LaTeX Info: Redefining \overline on input line 399.
\classnum@=\count195
\DOTSCASE@=\count196
LaTeX Info: Redefining \ldots on input line 496.
LaTeX Info: Redefining \dots on input line 499.
LaTeX Info: Redefining \cdots on input line 620.
\Mathstrutbox@=\box50
\strutbox@=\box51
\big@size=\dimen141
LaTeX Font Info:    Redeclaring font encoding OML on input line 743.
LaTeX Font Info:    Redeclaring font encoding OMS on input line 744.
\macc@depth=\count197
\c@MaxMatrixCols=\count198
\dotsspace@=\muskip16
\c@parentequation=\count199
\dspbrk@lvl=\count266
\tag@help=\toks17
\row@=\count267
\column@=\count268
\maxfields@=\count269
\andhelp@=\toks18
\eqnshift@=\dimen142
\alignsep@=\dimen143
\tagshift@=\dimen144
\tagwidth@=\dimen145
\totwidth@=\dimen146
\lineht@=\dimen147
\@envbody=\toks19
\multlinegap=\skip50
\multlinetaggap=\skip51
\mathdisplay@stack=\toks20
LaTeX Info: Redefining \[ on input line 2923.
LaTeX Info: Redefining \] on input line 2924.
)
(C:\Program Files\MiKTeX 2.9B\tex/latex/url\url.sty
\Urlmuskip=\muskip17
Package: url 2013/09/16  ver 3.4  Verb mode for urls, etc.
)
(C:\Program Files\MiKTeX 2.9B\tex/latex/pdfpages\pdfpages.sty
Package: pdfpages 2022/01/29 v0.5u Insert pages of external PDF documents (AM)

(C:\Program Files\MiKTeX 2.9B\tex/latex/base\ifthen.sty
Package: ifthen 2020/11/24 v1.1c Standard LaTeX ifthen package (DPC)
)
(C:\Program Files\MiKTeX 2.9B\tex/latex/tools\calc.sty
Package: calc 2017/05/25 v4.3 Infix arithmetic (KKT,FJ)
\calc@Acount=\count270
\calc@Bcount=\count271
\calc@Adimen=\dimen148
\calc@Bdimen=\dimen149
\calc@Askip=\skip52
\calc@Bskip=\skip53
LaTeX Info: Redefining \setlength on input line 80.
LaTeX Info: Redefining \addtolength on input line 81.
\calc@Ccount=\count272
\calc@Cskip=\skip54
)
(C:\Program Files\MiKTeX 2.9B\tex/latex/eso-pic\eso-pic.sty
Package: eso-pic 2020/10/14 v3.0a eso-pic (RN)
\ESO@tempdima=\dimen150
\ESO@tempdimb=\dimen151

(C:\Program Files\MiKTeX 2.9B\tex/latex/graphics\keyval.sty
Package: keyval 2014/10/28 v1.15 key=value parser (DPC)
\KV@toks@=\toks21
)
(C:\Program Files\MiKTeX 2.9B\tex/latex/xcolor\xcolor.sty
Package: xcolor 2016/05/11 v2.12 LaTeX color extensions (UK)

(C:\Program Files\MiKTeX 2.9B\tex/latex/graphics-cfg\color.cfg
File: color.cfg 2016/01/02 v1.6 sample color configuration
)
Package xcolor Info: Driver file: pdftex.def on input line 225.

(C:\Program Files\MiKTeX 2.9B\tex/latex/graphics-def\pdftex.def
File: pdftex.def 2020/10/05 v1.2a Graphics/color driver for pdftex
)
Package xcolor Info: Model `cmy' substituted by `cmy0' on input line 1348.
Package xcolor Info: Model `hsb' substituted by `rgb' on input line 1352.
Package xcolor Info: Model `RGB' extended on input line 1364.
Package xcolor Info: Model `HTML' substituted by `rgb' on input line 1366.
Package xcolor Info: Model `Hsb' substituted by `hsb' on input line 1367.
Package xcolor Info: Model `tHsb' substituted by `hsb' on input line 1368.
Package xcolor Info: Model `HSB' substituted by `hsb' on input line 1369.
Package xcolor Info: Model `Gray' substituted by `gray' on input line 1370.
Package xcolor Info: Model `wave' substituted by `hsb' on input line 1371.
))
(C:\Program Files\MiKTeX 2.9B\tex/latex/graphics\graphicx.sty
Package: graphicx 2020/12/05 v1.2c Enhanced LaTeX Graphics (DPC,SPQR)

(C:\Program Files\MiKTeX 2.9B\tex/latex/graphics\graphics.sty
Package: graphics 2021/03/04 v1.4d Standard LaTeX Graphics (DPC,SPQR)

(C:\Program Files\MiKTeX 2.9B\tex/latex/graphics\trig.sty
Package: trig 2016/01/03 v1.10 sin cos tan (DPC)
)
(C:\Program Files\MiKTeX 2.9B\tex/latex/graphics-cfg\graphics.cfg
File: graphics.cfg 2016/06/04 v1.11 sample graphics configuration
)
Package graphics Info: Driver file: pdftex.def on input line 107.
)
\Gin@req@height=\dimen152
\Gin@req@width=\dimen153
)
\AM@pagewidth=\dimen154
\AM@pageheight=\dimen155
\AM@fboxrule=\dimen156

(C:\Program Files\MiKTeX 2.9B\tex/latex/pdfpages\pppdftex.def
File: pppdftex.def 2022/01/29 v0.5u Pdfpages driver for pdfTeX (AM)
)
\pdfpages@includegraphics@status=\count273
\AM@pagebox=\box52
\AM@global@opts=\toks22
\AM@pagecnt=\count274
\AM@toc@title=\toks23
\c@AM@survey=\count275
\AM@templatesizebox=\box53
)
(C:\Program Files\MiKTeX 2.9B\tex/latex/l3backend\l3backend-pdftex.def
File: l3backend-pdftex.def 2021-07-12 L3 backend support: PDF output (pdfTeX)
\l__color_backend_stack_int=\count276
\l__pdf_internal_box=\box54
)
(wind_evap.aux)
\openout1 = `wind_evap.aux'.

LaTeX Font Info:    Checking defaults for OML/cmm/m/it on input line 9.
LaTeX Font Info:    ... okay on input line 9.
LaTeX Font Info:    Checking defaults for OMS/cmsy/m/n on input line 9.
LaTeX Font Info:    ... okay on input line 9.
LaTeX Font Info:    Checking defaults for OT1/cmr/m/n on input line 9.
LaTeX Font Info:    ... okay on input line 9.
LaTeX Font Info:    Checking defaults for T1/cmr/m/n on input line 9.
LaTeX Font Info:    ... okay on input line 9.
LaTeX Font Info:    Checking defaults for TS1/cmr/m/n on input line 9.
LaTeX Font Info:    ... okay on input line 9.
LaTeX Font Info:    Checking defaults for OMX/cmex/m/n on input line 9.
LaTeX Font Info:    ... okay on input line 9.
LaTeX Font Info:    Checking defaults for U/cmr/m/n on input line 9.
LaTeX Font Info:    ... okay on input line 9.

(C:\Program Files\MiKTeX 2.9B\tex/context/base/mkii\supp-pdf.mkii
[Loading MPS to PDF converter (version 2006.09.02).]
\scratchcounter=\count277
\scratchdimen=\dimen157
\scratchbox=\box55
\nofMPsegments=\count278
\nofMParguments=\count279
\everyMPshowfont=\toks24
\MPscratchCnt=\count280
\MPscratchDim=\dimen158
\MPnumerator=\count281
\makeMPintoPDFobject=\count282
\everyMPtoPDFconversion=\toks25
) (C:\Program Files\MiKTeX 2.9B\tex/latex/epstopdf-pkg\epstopdf-base.sty
Package: epstopdf-base 2020-01-24 v2.11 Base part for package epstopdf
Package epstopdf-base Info: Redefining graphics rule for `.eps' on input line 4
85.

(C:\Program Files\MiKTeX 2.9B\tex/latex/00miktex\epstopdf-sys.cfg
File: epstopdf-sys.cfg 2021/03/18 v2.0 Configuration of epstopdf for MiKTeX
))
(C:\Program Files\MiKTeX 2.9B\tex/latex/pdflscape\pdflscape.sty
Package: pdflscape 2019/12/05 v0.12 Display of landscape pages in PDF (HO)

(C:\Program Files\MiKTeX 2.9B\tex/generic/iftex\iftex.sty
Package: iftex 2020/03/06 v1.0d TeX engine tests
)
(C:\Program Files\MiKTeX 2.9B\tex/latex/graphics\lscape.sty
Package: lscape 2020/05/28 v3.02 Landscape Pages (DPC)
)
Package pdflscape Info: Auto-detected driver: pdftex on input line 81.
) [1


{C:/Users/FiercePC/AppData/Local/MiKTeX/2.9/pdftex/config/pdftex.map}]

LaTeX Warning: Citation `Adam1' on page 2 undefined on input line 39.


LaTeX Warning: Citation `Adams1' on page 2 undefined on input line 39.

[2]

LaTeX Warning: Citation `EngTB1' on page 3 undefined on input line 53.

[3] [4] [5] [6

]
Underfull \hbox (badness 10000) in paragraph at lines 86--87
[]\OT1/cmr/m/n/10 Climate Change In-di-ca-tors: US and Global
 []


Underfull \hbox (badness 10000) in paragraph at lines 86--87
\OT1/cmr/m/n/10 Precipitation$\OT1/cmtt/m/n/10 https : / / www . epa . gov / cl
imate-[]indicators /
 []


Underfull \hbox (badness 10000) in paragraph at lines 88--89
[]\OT1/cmr/m/n/10 Climate Change: Global Tem-per-a-ture $\OT1/cmtt/m/n/10 https
 : / / www .
 []


Underfull \hbox (badness 10000) in paragraph at lines 88--89
\OT1/cmtt/m/n/10 climate . gov / news-[]features / understanding-[]climate /
 []


Underfull \hbox (badness 10000) in paragraph at lines 89--90
\OT1/cmr/m/n/10 Cli-mate Re-port $\OT1/cmtt/m/n/10 https : / / www . ncei . noa
a . gov / access / monitoring /
 []


Underfull \hbox (badness 5288) in paragraph at lines 91--92
[]\OT1/cmr/m/n/10 L. E. Back, C. S. Brether-ton. The re-la-tion-ship be-tween w
ind
 []


Underfull \hbox (badness 2726) in paragraph at lines 91--92
\OT1/cmr/m/n/10 speed and pre-cip-i-ta-tion in the Pa-cific ITCZ, Jour-nal of C
li-mate
 []


Underfull \hbox (badness 10000) in paragraph at lines 91--92
\OT1/cmr/m/n/10 18(20) DOI 10.1175/JCLI3519.1 $\OT1/cmtt/m/n/10 https : / / www
 . researchgate . net /
 []


Underfull \hbox (badness 10000) in paragraph at lines 91--92
\OT1/cmtt/m/n/10 publication / 249611650 _ The _ Relationship _ between _ Wind 
_ Speed _
 []


Underfull \hbox (badness 7186) in paragraph at lines 92--93
[]\OT1/cmr/m/n/10 J, Dodgshun, The still-ing: global wind speeds slow-ing since

 []


Underfull \hbox (badness 10000) in paragraph at lines 92--93
\OT1/cmr/m/n/10 1960, $\OT1/cmtt/m/n/10 https : / / ec . europa . eu / research
-[]and-[]innovation / en /
 []


Underfull \hbox (badness 10000) in paragraph at lines 94--95
[]\OT1/cmr/m/n/10 Prof A. Mourya, En-gi-neer-ing Physics, Lec-ture Notes, $\OT1
/cmtt/m/n/10 https :
 []


Underfull \hbox (badness 10000) in paragraph at lines 94--95
\OT1/cmtt/m/n/10 / / sites . google . com / site / puenggphysics / home / unit-
[]i /
 []


Underfull \hbox (badness 2142) in paragraph at lines 95--96
[]\OT1/cmr/m/n/10 Tokmakoff, Ab-so-lute Cross Sec-tions, Lec-ture Notes, $\OT1/
cmtt/m/n/10 http : / / home .
 []


Underfull \hbox (badness 10000) in paragraph at lines 95--96
\OT1/cmtt/m/n/10 uchicago . edu / []tokmakoff / TDQMS / Notes / 4 . 3 . _Abs _ 
Cross-[]Sec _
 []

[7]
Underfull \hbox (badness 10000) in paragraph at lines 97--98
\OT1/cmr/m/n/10 Widths $\OT1/cmtt/m/n/10 http : / / www-[]star . st-[]and . ac 
. uk / []kw25 / teaching / nebulae /
 []


Underfull \hbox (badness 10000) in paragraph at lines 98--99
[]\OT1/cmr/m/n/10 HITRAN Def-i-ni-tions and Units $\OT1/cmtt/m/n/10 https : / /
 hitran . org / docs /
 []


Underfull \hbox (badness 1694) in paragraph at lines 99--102
[]\OT1/cmr/m/n/10 Einstein A-coefficients and sta-tis-ti-cal weights for molec-
u-lar ab-sorp-
 []


Underfull \hbox (badness 1092) in paragraph at lines 99--102
\OT1/cmr/m/n/10 tion tran-si-tions in the HI-TRAN database, Marie Simeck-ova, D
avid
 []


Underfull \hbox (badness 10000) in paragraph at lines 99--102
\OT1/cmr/m/n/10 manc. $\OT1/cmtt/m/n/10 https : / / lweb . cfa . harvard . edu 
/ atmosphere / publications /
 []


Underfull \hbox (badness 10000) in paragraph at lines 118--119
[]$\OT1/cmtt/m/n/10 https : / / www . acs . org / content / acs / en / climates
cience /
 []


Underfull \hbox (badness 10000) in paragraph at lines 119--120
[]$\OT1/cmtt/m/n/10 https : / / www . acs . org / content / acs / en / climates
cience /
 []


Underfull \hbox (badness 10000) in paragraph at lines 121--122
[]\OT1/cmr/m/n/10 "It's Wa-ter Va-por, Not the CO2". Amer-i-can Chem-i-cal So-c
i-
 []


Underfull \hbox (badness 10000) in paragraph at lines 121--122
\OT1/cmr/m/n/10 ety. $\OT1/cmtt/m/n/10 https : / / www . acs . org / content / 
acs / en / climatescience /
 []

[8]
Underfull \hbox (badness 10000) in paragraph at lines 131--132
[]\OT1/cmr/m/n/10 United Na-tions, Cli-mate Re-ports $\OT1/cmtt/m/n/10 https : 
/ / www . un . org / en /
 []

[9] (wind_evap.aux)

LaTeX Warning: There were undefined references.

 ) 
Here is how much of TeX's memory you used:
 3483 strings out of 478872
 48640 string characters out of 2856368
 362082 words of memory out of 3000000
 21369 multiletter control sequences out of 15000+600000
 409633 words of font info for 49 fonts, out of 8000000 for 9000
 1141 hyphenation exceptions out of 8191
 72i,6n,80p,1838b,297s stack positions out of 5000i,500n,10000p,200000b,80000s
<C:/Program Files/MiKTeX 2.9B/fonts/type1/public/amsfonts/cm/cmbx10.pfb><C:/P
rogram Files/MiKTeX 2.9B/fonts/type1/public/amsfonts/cm/cmbx12.pfb><C:/Program 
Files/MiKTeX 2.9B/fonts/type1/public/amsfonts/cm/cmmi10.pfb><C:/Program Files/M
iKTeX 2.9B/fonts/type1/public/amsfonts/cm/cmmi7.pfb><C:/Program Files/MiKTeX 2.
9B/fonts/type1/public/amsfonts/cm/cmr10.pfb><C:/Program Files/MiKTeX 2.9B/fonts
/type1/public/amsfonts/cm/cmr12.pfb><C:/Program Files/MiKTeX 2.9B/fonts/type1/p
ublic/amsfonts/cm/cmr17.pfb><C:/Program Files/MiKTeX 2.9B/fonts/type1/public/am
sfonts/cm/cmr5.pfb><C:/Program Files/MiKTeX 2.9B/fonts/type1/public/amsfonts/cm
/cmr7.pfb><C:/Program Files/MiKTeX 2.9B/fonts/type1/public/amsfonts/cm/cmsl10.p
fb><C:/Program Files/MiKTeX 2.9B/fonts/type1/public/amsfonts/cm/cmsy10.pfb><C:/
Program Files/MiKTeX 2.9B/fonts/type1/public/amsfonts/cm/cmsy7.pfb><C:/Program 
Files/MiKTeX 2.9B/fonts/type1/public/amsfonts/cm/cmtt10.pfb>
Output written on wind_evap.pdf (9 pages, 190558 bytes).
PDF statistics:
 97 PDF objects out of 1000 (max. 8388607)
 0 named destinations out of 1000 (max. 500000)
 1 words of extra memory for PDF output out of 10000 (max. 10000000)

